#
# There is insufficient memory for the Java Runtime Environment to continue.
# Native memory allocation (mmap) failed to map 266338304 bytes for G1 virtual space
# Possible reasons:
#   The system is out of physical RAM or swap space
#   The process is running with CompressedOops enabled, and the Java Heap may be blocking the growth of the native heap
# Possible solutions:
#   Reduce memory load on the system
#   Increase physical memory or swap space
#   Check if swap backing store is full
#   Decrease Java heap size (-Xmx/-Xms)
#   Decrease number of Java threads
#   Decrease Java thread stack sizes (-Xss)
#   Set larger code cache with -XX:ReservedCodeCacheSize=
#   JVM is running with Zero Based Compressed Oops mode in which the Java heap is
#     placed in the first 32GB address space. The Java Heap base address is the
#     maximum limit for the native heap growth. Please use -XX:HeapBaseMinAddress
#     to set the Java Heap base and to place the Java Heap above 32GB virtual address.
# This output file may be truncated or incomplete.
#
#  Out of Memory Error (os_windows.cpp:3825), pid=20252, tid=1076
#
# JRE version:  (17.0.9+7) (build )
# Java VM: OpenJDK 64-Bit Server VM (17.0.9+7-b1087.9, mixed mode, sharing, tiered, compressed oops, compressed class ptrs, g1 gc, windows-amd64)
# No core dump will be written. Minidumps are not enabled by default on client versions of Windows
#

---------------  S U M M A R Y ------------

Command Line: git4idea.http.GitAskPassApp Username for 'https://github.com': 

Host: Intel(R) Core(TM) i7-8550U CPU @ 1.80GHz, 8 cores, 15G,  Windows 11 , 64 bit Build 22621 (10.0.22621.2506)
Time: Tue Jan 23 16:28:18 2024 Maroc elapsed time: 0.021558 seconds (0d 0h 0m 0s)

---------------  T H R E A D  ---------------

Current thread (0x000001ade30bf060):  JavaThread "Unknown thread" [_thread_in_vm, id=1076, stack(0x000000297c000000,0x000000297c100000)]

Stack: [0x000000297c000000,0x000000297c100000]
Native frames: (J=compiled Java code, j=interpreted, Vv=VM code, C=native code)
V  [jvm.dll+0x688349]
V  [jvm.dll+0x841bfa]
V  [jvm.dll+0x84383e]
V  [jvm.dll+0x843ea3]
V  [jvm.dll+0x24bdef]
V  [jvm.dll+0x6850f9]
V  [jvm.dll+0x67988a]
V  [jvm.dll+0x30cbfb]
V  [jvm.dll+0x3140a6]
V  [jvm.dll+0x363ede]
V  [jvm.dll+0x36410f]
V  [jvm.dll+0x2e29c8]
V  [jvm.dll+0x2e3934]
V  [jvm.dll+0x812771]
V  [jvm.dll+0x371d41]
V  [jvm.dll+0x7f12bc]
V  [jvm.dll+0x3f59cf]
V  [jvm.dll+0x3f7601]
C  [jli.dll+0x528f]
C  [ucrtbase.dll+0x29363]
C  [KERNEL32.DLL+0x1257d]
C  [ntdll.dll+0x5aa58]


---------------  P R O C E S S  ---------------

Threads class SMR info:
_java_thread_list=0x00007ff84b26df18, length=0, elements={
}

Java Threads: ( => current thread )

Other Threads:
  0x000001ade3129c80 GCTaskThread "GC Thread#0" [stack: 0x000000297c100000,0x000000297c200000] [id=27116]
  0x000001ade313a960 ConcurrentGCThread "G1 Main Marker" [stack: 0x000000297c200000,0x000000297c300000] [id=34700]
  0x000001ade313b380 ConcurrentGCThread "G1 Conc#0" [stack: 0x000000297c300000,0x000000297c400000] [id=8356]

[error occurred during error reporting (printing all threads), id 0xc0000005, EXCEPTION_ACCESS_VIOLATION (0xc0000005) at pc=0x00007ff84aa23597]

VM state: not at safepoint (not fully initialized)

VM Mutex/Monitor currently owned by a thread:  ([mutex/lock_event])
[0x000001ade30b9700] Heap_lock - owner thread: 0x000001ade30bf060

Heap address: 0x0000000702600000, size: 4058 MB, Compressed Oops mode: Zero based, Oop shift amount: 3

CDS archive(s) mapped at: [0x0000000000000000-0x0000000000000000-0x0000000000000000), size 0, SharedBaseAddress: 0x0000000800000000, ArchiveRelocationMode: 1.
Narrow klass base: 0x0000000000000000, Narrow klass shift: 0, Narrow klass range: 0x0

GC Precious Log:
<Empty>

Heap:
 garbage-first heap   total 0K, used 0K [0x0000000702600000, 0x0000000800000000)
  region size 2048K, 0 young (0K), 0 survivors (0K)
 Metaspace       used 0K, committed 0K, reserved 0K
  class space    used 0K, committed 0K, reserved 0K

Heap Regions: E=young(eden), S=young(survivor), O=old, HS=humongous(starts), HC=humongous(continues), CS=collection set, F=free, OA=open archive, CA=closed archive, TAMS=top-at-mark-start (previous, next)

Card table byte_map: [0x000001adf6350000,0x000001adf6b40000] _byte_map_base: 0x000001adf2b3d000

Marking Bits (Prev, Next): (CMBitMap*) 0x000001ade312a2a0, (CMBitMap*) 0x000001ade312a2e0
 Prev Bits: [0x000001adf7330000, 0x000001adfb298000)
 Next Bits: [0x000001adfb2a0000, 0x000001adff208000)

GC Heap History (0 events):
No events

Dll operation events (1 events):
Event: 0.013 Loaded shared library C:\Users\hp\AppData\Local\JetBrains\IntelliJ IDEA 2023.3.2\jbr\bin\java.dll

Deoptimization events (0 events):
No events

Classes unloaded (0 events):
No events

Classes redefined (0 events):
No events

Internal exceptions (0 events):
No events

VM Operations (0 events):
No events

Events (0 events):
No events


Dynamic libraries:
0x00007ff72db40000 - 0x00007ff72db4a000 	C:\Users\hp\AppData\Local\JetBrains\IntelliJ IDEA 2023.3.2\jbr\bin\java.exe
0x00007ff8d9fd0000 - 0x00007ff8da1e7000 	C:\windows\SYSTEM32\ntdll.dll
0x00007ff8d9100000 - 0x00007ff8d91c4000 	C:\windows\System32\KERNEL32.DLL
0x00007ff8d7490000 - 0x00007ff8d7836000 	C:\windows\System32\KERNELBASE.dll
0x00007ff8d7340000 - 0x00007ff8d7451000 	C:\windows\System32\ucrtbase.dll
0x00007ff8bb9e0000 - 0x00007ff8bb9f7000 	C:\Users\hp\AppData\Local\JetBrains\IntelliJ IDEA 2023.3.2\jbr\bin\jli.dll
0x00007ff8a2bf0000 - 0x00007ff8a2c0b000 	C:\Users\hp\AppData\Local\JetBrains\IntelliJ IDEA 2023.3.2\jbr\bin\VCRUNTIME140.dll
0x00007ff8d93d0000 - 0x00007ff8d957e000 	C:\windows\System32\USER32.dll
0x00007ff8d7310000 - 0x00007ff8d7336000 	C:\windows\System32\win32u.dll
0x00007ff8d8fb0000 - 0x00007ff8d8fd9000 	C:\windows\System32\GDI32.dll
0x00007ff8bbff0000 - 0x00007ff8bc283000 	C:\windows\WinSxS\amd64_microsoft.windows.common-controls_6595b64144ccf1df_6.0.22621.2506_none_270c5ae97388e100\COMCTL32.dll
0x00007ff8d78b0000 - 0x00007ff8d79c8000 	C:\windows\System32\gdi32full.dll
0x00007ff8d7d40000 - 0x00007ff8d7de7000 	C:\windows\System32\msvcrt.dll
0x00007ff8d7b40000 - 0x00007ff8d7bda000 	C:\windows\System32\msvcp_win.dll
0x00007ff8d8180000 - 0x00007ff8d81b1000 	C:\windows\System32\IMM32.DLL
0x00007ff8bf610000 - 0x00007ff8bf61c000 	C:\Users\hp\AppData\Local\JetBrains\IntelliJ IDEA 2023.3.2\jbr\bin\vcruntime140_1.dll
0x00007ff889310000 - 0x00007ff88939d000 	C:\Users\hp\AppData\Local\JetBrains\IntelliJ IDEA 2023.3.2\jbr\bin\msvcp140.dll
0x00007ff84a730000 - 0x00007ff84b3b2000 	C:\Users\hp\AppData\Local\JetBrains\IntelliJ IDEA 2023.3.2\jbr\bin\server\jvm.dll
0x00007ff8d9e50000 - 0x00007ff8d9f03000 	C:\windows\System32\ADVAPI32.dll
0x00007ff8d9a10000 - 0x00007ff8d9ab8000 	C:\windows\System32\sechost.dll
0x00007ff8d7460000 - 0x00007ff8d7488000 	C:\windows\System32\bcrypt.dll
0x00007ff8d8fe0000 - 0x00007ff8d90f7000 	C:\windows\System32\RPCRT4.dll
0x00007ff8d6150000 - 0x00007ff8d619d000 	C:\windows\SYSTEM32\POWRPROF.dll
0x00007ff8d26c0000 - 0x00007ff8d26c9000 	C:\windows\SYSTEM32\WSOCK32.dll
0x00007ff8d0680000 - 0x00007ff8d06b4000 	C:\windows\SYSTEM32\WINMM.dll
0x00007ff8d9f10000 - 0x00007ff8d9f81000 	C:\windows\System32\WS2_32.dll
0x00007ff8d0440000 - 0x00007ff8d044a000 	C:\windows\SYSTEM32\VERSION.dll
0x00007ff8d6130000 - 0x00007ff8d6143000 	C:\windows\SYSTEM32\UMPDC.dll
0x00007ff8d63f0000 - 0x00007ff8d6408000 	C:\windows\SYSTEM32\kernel.appcore.dll
0x00007ff8d2390000 - 0x00007ff8d239a000 	C:\Users\hp\AppData\Local\JetBrains\IntelliJ IDEA 2023.3.2\jbr\bin\jimage.dll
0x00007ff8d4af0000 - 0x00007ff8d4d23000 	C:\windows\SYSTEM32\DBGHELP.DLL
0x00007ff8d9600000 - 0x00007ff8d9989000 	C:\windows\System32\combase.dll
0x00007ff8d9d70000 - 0x00007ff8d9e47000 	C:\windows\System32\OLEAUT32.dll
0x00007ff8b74a0000 - 0x00007ff8b74d2000 	C:\windows\SYSTEM32\dbgcore.DLL
0x00007ff8d7ca0000 - 0x00007ff8d7d1a000 	C:\windows\System32\bcryptPrimitives.dll
0x00007ff8d19d0000 - 0x00007ff8d19f5000 	C:\Users\hp\AppData\Local\JetBrains\IntelliJ IDEA 2023.3.2\jbr\bin\java.dll

dbghelp: loaded successfully - version: 4.0.5 - missing functions: none
symbol engine: initialized successfully - sym options: 0x614 - pdb path: .;C:\Users\hp\AppData\Local\JetBrains\IntelliJ IDEA 2023.3.2\jbr\bin;C:\windows\SYSTEM32;C:\windows\WinSxS\amd64_microsoft.windows.common-controls_6595b64144ccf1df_6.0.22621.2506_none_270c5ae97388e100;C:\Users\hp\AppData\Local\JetBrains\IntelliJ IDEA 2023.3.2\jbr\bin\server

VM Arguments:
java_command: git4idea.http.GitAskPassApp Username for 'https://github.com': 
java_class_path (initial): C:/Users/hp/AppData/Local/JetBrains/IntelliJ IDEA 2023.3.2/plugins/vcs-git/lib/git4idea-rt.jar;C:/Users/hp/AppData/Local/JetBrains/IntelliJ IDEA 2023.3.2/lib/externalProcess-rt.jar
Launcher Type: SUN_STANDARD

[Global flags]
     intx CICompilerCount                          = 4                                         {product} {ergonomic}
     uint ConcGCThreads                            = 2                                         {product} {ergonomic}
     uint G1ConcRefinementThreads                  = 8                                         {product} {ergonomic}
   size_t G1HeapRegionSize                         = 2097152                                   {product} {ergonomic}
    uintx GCDrainStackTargetSize                   = 64                                        {product} {ergonomic}
   size_t InitialHeapSize                          = 266338304                                 {product} {ergonomic}
   size_t MarkStackSize                            = 4194304                                   {product} {ergonomic}
   size_t MaxHeapSize                              = 4255121408                                {product} {ergonomic}
   size_t MinHeapDeltaBytes                        = 2097152                                   {product} {ergonomic}
   size_t MinHeapSize                              = 8388608                                   {product} {ergonomic}
    uintx NonNMethodCodeHeapSize                   = 5839372                                {pd product} {ergonomic}
    uintx NonProfiledCodeHeapSize                  = 122909434                              {pd product} {ergonomic}
    uintx ProfiledCodeHeapSize                     = 122909434                              {pd product} {ergonomic}
    uintx ReservedCodeCacheSize                    = 251658240                              {pd product} {ergonomic}
     bool SegmentedCodeCache                       = true                                      {product} {ergonomic}
   size_t SoftMaxHeapSize                          = 4255121408                             {manageable} {ergonomic}
     bool UseCompressedClassPointers               = true                           {product lp64_product} {ergonomic}
     bool UseCompressedOops                        = true                           {product lp64_product} {ergonomic}
     bool UseG1GC                                  = true                                      {product} {ergonomic}
     bool UseLargePagesIndividualAllocation        = false                                  {pd product} {ergonomic}

Logging:
Log output configuration:
 #0: stdout all=warning uptime,level,tags
 #1: stderr all=off uptime,level,tags

Environment Variables:
JAVA_HOME=C:\Program Files\Java\jdk-17
PATH=C:\Program Files\Git\mingw64\libexec\git-core;C:\Program Files\Git\mingw64\libexec\git-core;C:\Program Files\Git\mingw64\bin;C:\Program Files\Git\usr\bin;C:\Users\hp\bin;C:\Windows\system32;C:\Windows;C:\Windows\System32\Wbem;C:\Windows\System32\WindowsPowerShell\v1.0;C:\Windows\System32\OpenSSH;C:\Program Files\dotnet;C:\Program Files\Microsoft SQL Server\Client SDK\ODBC\170\Tools\Binn;C:\Program Files (x86)\Microsoft SQL Server\150\Tools\Binn;C:\Program Files\Microsoft SQL Server\150\Tools\Binn;C:\Program Files\Microsoft SQL Server\150\DTS\Binn;C:\Program Files (x86)\Microsoft SQL Server\160\DTS\Binn;C:\Program Files\Azure Data Studio\bin;C:\Program Files (x86)\Intel\Intel(R) Management Engine Components\DAL;C:\Program Files\Intel\Intel(R) Management Engine Components\DAL;C:\Program Files\Git\cmd;C:\windows\system32;C:\windows;C:\windows\System32\Wbem;C:\windows\System32\WindowsPowerShell\v1.0;C:\windows\System32\OpenSSH;C:\Program Files\nodejs;C:\Program Files\MongoDB\Server\6.0\bin;C:\mongosh-1.8.0\bin;C:\Program Files\Docker\Docker\resources\bin;C:\Users\hp\AppData\Local\Programs\Python\Python311\Scripts;C:\Users\hp\AppData\Local\Programs\Python\Python311;C:\Program Files\swipl\bin;C:\Program Files\Java\jdk-17\bin;C:\Program Files\PuTTY;C:\Users\hp\.dotnet\tools;C:\Users\hp\AppData\Local\Programs\Microsoft VS Code\bin;C:\Program Files\Azure Data Studio\bin;C:\xampp\php;C:\Users\hp\composer;C:\Users\hp\AppData\Roaming\Composer\vendor\bin;C:\Program Files\JetBrains\IntelliJ IDEA Community Edition 2022.3.3\bin;C:\Users\hp\AppData\Local\Microsoft\WindowsApps;C:\Users\hp\AppData\Roaming\npm;C:\Program Files (x86)\WiX Toolset v3.11\bin;C:\Users\hp\AppData\Local\JetBrains\IntelliJ IDEA 2023.3.2\bin
USERNAME=adnan
DISPLAY=:0.0
LC_ALL=en_US.UTF-8
TERM=xterm-256color
TMPDIR=C:\Users\hp\AppData\Local\Temp
OS=Windows_NT
PROCESSOR_IDENTIFIER=Intel64 Family 6 Model 142 Stepping 10, GenuineIntel
TMP=C:\Users\hp\AppData\Local\Temp
TEMP=C:\Users\hp\AppData\Local\Temp



Periodic native trim disabled

JNI global refs:
JNI global refs: 0, weak refs: 0

JNI global refs memory usage: 0, weak refs: 0

OOME stack traces (most recent first):
Classloader memory used:


---------------  S Y S T E M  ---------------

OS:
 Windows 11 , 64 bit Build 22621 (10.0.22621.2506)
OS uptime: 4 days 15:50 hours
Hyper-V role detected

CPU: total 8 (initial active 8) (4 cores per cpu, 2 threads per core) family 6 model 142 stepping 10 microcode 0xf4, cx8, cmov, fxsr, ht, mmx, 3dnowpref, sse, sse2, sse3, ssse3, sse4.1, sse4.2, popcnt, lzcnt, tsc, tscinvbit, avx, avx2, aes, erms, clmul, bmi1, bmi2, adx, fma, vzeroupper, clflush, clflushopt, hv
Processor Information for processor 0
  Max Mhz: 1992, Current Mhz: 1792, Mhz Limit: 1792
Processor Information for processor 1
  Max Mhz: 1992, Current Mhz: 1792, Mhz Limit: 1792
Processor Information for processor 2
  Max Mhz: 1992, Current Mhz: 1494, Mhz Limit: 1792
Processor Information for processor 3
  Max Mhz: 1992, Current Mhz: 1494, Mhz Limit: 1792
Processor Information for processor 4
  Max Mhz: 1992, Current Mhz: 1494, Mhz Limit: 1792
Processor Information for processor 5
  Max Mhz: 1992, Current Mhz: 1792, Mhz Limit: 1792
Processor Information for processor 6
  Max Mhz: 1992, Current Mhz: 1792, Mhz Limit: 1792
Processor Information for processor 7
  Max Mhz: 1992, Current Mhz: 1494, Mhz Limit: 1792

Memory: 4k page, system-wide physical 16227M (3905M free)
TotalPageFile size 18163M (AvailPageFile size 138M)
current process WorkingSet (physical memory assigned to process): 11M, peak: 11M
current process commit charge ("private bytes"): 60M, peak: 314M

vm_info: OpenJDK 64-Bit Server VM (17.0.9+7-b1087.9) for windows-amd64 JRE (17.0.9+7-b1087.9), built on 2023-12-05 by "builduser" with MS VC++ 16.10 / 16.11 (VS2019)

END.
